! Command: show running-config
! device: CA1-LEAF1C (cEOSLab, EOS-4.33.2F-40713977.4332F (engineering build))
!
no aaa root
!
username admin privilege 15 role network-admin nopassword
username ansible privilege 15 role network-admin secret sha512 $6$PSA4aPswd2HDdmSm$FqLt3zbElJ9b9tozHnWTarL3n2PJYHcTe82nnNVnNHS/YKYOpqVuQszgXkFcGnrfW0ox6fM/KkhTVKws4uYL4/
!
management api http-commands
   no shutdown
   !
   vrf MGMT
      no shutdown
   !
   vrf default
      no shutdown
!
alias cc clear counters
alias clrcounters clear counters
alias cp clear platform trident counters
alias ports show int sta | grep "connected\| disabled"
alias sa show active
alias senz show interface counter error | nz
alias shmc show int | awk '/^[A-Z]/ { intf = $1 } /, address is/ { print intf, $6 }'
alias showcon show interfaces status | grep connected
alias shrte show ip route
alias siib show ip interface brief
alias snz show interface counter | nz
alias spc show port-channel %1 detail all
alias spcd show port-channel dense
  
alias sqnz show interface counter queue | nz
alias srnz show interface counter rate | nz
alias term_logs sh agent TerminAttr logs | tail
alias wrtme write mem
!
daemon TerminAttr
   exec /usr/bin/TerminAttr -cvaddr=192.168.223.2:9910 -cvauth=token,/tmp/token -cvvrf=MGMT -disableaaa -smashexcludes=ale,flexCounter,hardware,kni,pulse,strata -taillogs
   no shutdown
!
ip dhcp relay information option
!
vlan internal order ascending range 1006 1199
!
no service interface inactive port-id allocation disabled
!
transceiver qsfp default-mode 4x10G
!
service routing protocols model multi-agent
!
logging monitor debugging
!
hostname CA1-LEAF1C
ip name-server vrf MGMT 1.1.1.1
ip name-server vrf MGMT 8.8.8.8
!
sflow sample 1000
sflow polling-interval 20
sflow destination 127.0.0.1
sflow source-interface Loopback0
sflow run
!
spanning-tree mode mstp
spanning-tree mst 0 priority 16384
!
system l1
   unsupported speed action error
   unsupported error-correction action error
!
vlan 110
   name Data
!
vlan 111
   name Voice
!
vlan 112
   name Guest
!
vrf instance MGMT
!
aaa authorization exec default local
!
dot1x
   aaa unresponsive phone action traffic allow
   aaa unresponsive action traffic allow
   mac based authentication delay 10 seconds
   mac based authentication hold period 10 seconds
   aaa unresponsive recovery action reauthenticate
!
interface Port-Channel49
   description L2_CA1_L3_LEAFS_IDF1_Port-Channel51
   switchport trunk allowed vlan 110-112
   switchport mode trunk
!
interface Ethernet5
   description HOST1_Ethernet3
   switchport access vlan 110
   spanning-tree portfast edge
!
interface Ethernet9
   description CSR_Router_Test_Interface
   switchport access vlan 110
   spanning-tree portfast edge
!
interface Ethernet49
   description L2_CA1-LEAF1A_Ethernet51
   channel-group 49 mode active
!
interface Ethernet50
   description L2_CA1-LEAF1B_Ethernet51
   channel-group 49 mode active
!
interface Management0
   description OOB_MANAGEMENT
   vrf MGMT
   ip address 192.168.223.151/24
!
ip routing
no ip routing vrf MGMT
!
ip route vrf MGMT 0.0.0.0/0 192.168.223.1
!
ntp server vrf MGMT time.google.com prefer iburst
!
router multicast
   ipv4
      software-forwarding kernel
   !
   ipv6
      software-forwarding kernel
!
dot1x system-auth-control
dot1x protocol lldp bypass
dot1x dynamic-authorization
!
end
