! Command: show running-config
! device: HOST1 (cEOSLab, EOS-4.33.2F-40713977.4332F (engineering build))
!
no aaa root
!
username admin privilege 15 role network-admin nopassword
username ansible privilege 15 role network-admin secret sha512 $6$PSA4aPswd2HDdmSm$FqLt3zbElJ9b9tozHnWTarL3n2PJYHcTe82nnNVnNHS/YKYOpqVuQszgXkFcGnrfW0ox6fM/KkhTVKws4uYL4/
!
management api http-commands
   no shutdown
   !
   vrf MGMT
      no shutdown
   !
   vrf default
      no shutdown
!
alias cc clear counters
alias clrcounters clear counters
alias cp clear platform trident counters
alias ports show int sta | grep "connected\| disabled"
alias sa show active
alias senz show interface counter error | nz
alias shmc show int | awk '/^[A-Z]/ { intf = $1 } /, address is/ { print intf, $6 }'
alias showcon show interfaces status | grep connected
alias shrte show ip route
alias siib show ip interface brief
alias snz show interface counter | nz
alias spc show port-channel %1 detail all
alias spcd show port-channel dense
  
alias sqnz show interface counter queue | nz
alias srnz show interface counter rate | nz
alias term_logs sh agent TerminAttr logs | tail
alias wrtme write mem
!
daemon TerminAttr
   exec /usr/bin/TerminAttr -cvaddr=192.168.223.2:9910 -cvauth=token,/tmp/token -cvvrf=MGMT -disableaaa -smashexcludes=ale,flexCounter,hardware,kni,pulse,strata -taillogs
   no shutdown
!
vlan internal order ascending range 1006 1199
!
no service interface inactive port-id allocation disabled
!
transceiver qsfp default-mode 4x10G
!
service routing protocols model multi-agent
!
logging monitor debugging
!
hostname HOST1
ip name-server vrf MGMT 1.1.1.1
ip name-server vrf MGMT 8.8.8.8
!
sflow sample 1000
sflow polling-interval 20
sflow destination 127.0.0.1
sflow source-interface Loopback0
sflow run
!
spanning-tree mode none
!
system l1
   unsupported speed action error
   unsupported error-correction action error
!
vrf instance ILO
!
vrf instance MGMT
!
aaa authorization exec default local
!
interface Port-Channel1
   description CA1_IDF2_AGG_Po5
   no switchport
   ip address 10.1.10.101/24
!
interface Ethernet1
   description CA1-LEAF1A_Ethernet5
   channel-group 1 mode active
!
interface Ethernet2
   description CA1-LEAF1B_Ethernet5
   channel-group 1 mode active
!
interface Ethernet3
   description CA1-LEAF1C_Ethernet5
   no switchport
   vrf ILO
   ip address 10.1.10.111/24
!
interface Management0
   description OOB_MANAGEMENT
   vrf MGMT
   ip address 192.168.223.241/24
!
ip routing
ip routing vrf ILO
no ip routing vrf MGMT
!
ip route 0.0.0.0/0 10.1.10.1
ip route vrf ILO 0.0.0.0/0 10.1.10.1
ip route vrf MGMT 0.0.0.0/0 192.168.223.1
!
ntp server vrf MGMT time.google.com prefer iburst
!
router multicast
   ipv4
      software-forwarding kernel
   !
   ipv6
      software-forwarding kernel
!
end
