! Command: show running-config
! device: CA1-LEAF2A (cEOSLab, EOS-4.33.2F-40713977.4332F (engineering build))
!
no aaa root
!
username admin privilege 15 role network-admin nopassword
username ansible privilege 15 role network-admin secret sha512 $6$PSA4aPswd2HDdmSm$FqLt3zbElJ9b9tozHnWTarL3n2PJYHcTe82nnNVnNHS/YKYOpqVuQszgXkFcGnrfW0ox6fM/KkhTVKws4uYL4/
!
management api http-commands
   no shutdown
   !
   vrf MGMT
      no shutdown
   !
   vrf default
      no shutdown
!
alias cc clear counters
alias clrcounters clear counters
alias cp clear platform trident counters
alias ports show int sta | grep "connected\| disabled"
alias sa show active
alias senz show interface counter error | nz
alias shmc show int | awk '/^[A-Z]/ { intf = $1 } /, address is/ { print intf, $6 }'
alias showcon show interfaces status | grep connected
alias shrte show ip route
alias siib show ip interface brief
alias snz show interface counter | nz
alias spc show port-channel %1 detail all
alias spcd show port-channel dense
  
alias sqnz show interface counter queue | nz
alias srnz show interface counter rate | nz
alias term_logs sh agent TerminAttr logs | tail
alias wrtme write mem
!
daemon TerminAttr
   exec /usr/bin/TerminAttr -cvaddr=192.168.223.2:9910 -cvauth=token,/tmp/token -cvvrf=MGMT -disableaaa -smashexcludes=ale,flexCounter,hardware,kni,pulse,strata -taillogs
   no shutdown
!
ip dhcp relay information option
!
vlan internal order ascending range 1006 1199
!
no service interface inactive port-id allocation disabled
!
transceiver qsfp default-mode 4x10G
!
service routing protocols model multi-agent
!
logging monitor debugging
!
hostname CA1-LEAF2A
ip name-server vrf MGMT 1.1.1.1
ip name-server vrf MGMT 8.8.8.8
!
sflow sample 1000
sflow polling-interval 20
sflow destination 127.0.0.1
sflow source-interface Loopback0
sflow run
!
spanning-tree mode mstp
no spanning-tree vlan-id 4093-4094
spanning-tree mst 0 priority 4096
!
system l1
   unsupported speed action error
   unsupported error-correction action error
!
vlan 110
   name Data
!
vlan 111
   name Voice
!
vlan 112
   name Guest
!
vlan 3100
   name MLAG_L3_VRF_VRF_TENANT
   trunk group MLAG
!
vlan 4093
   name MLAG_L3
   trunk group MLAG
!
vlan 4094
   name MLAG
   trunk group MLAG
!
vrf instance MGMT
!
vrf instance VRF_TENANT
!
aaa authorization exec default local
!
dot1x
   aaa unresponsive phone action traffic allow
   aaa unresponsive action traffic allow
   mac based authentication delay 10 seconds
   mac based authentication hold period 10 seconds
   aaa unresponsive recovery action reauthenticate
!
interface Port-Channel5
   description HOST2_Po1
   switchport access vlan 110
   mlag 5
   spanning-tree portfast edge
!
interface Port-Channel531
   description MLAG_CA1-LEAF2B_Port-Channel531
   switchport mode trunk
   switchport trunk group MLAG
!
interface Ethernet5
   description HOST2_Ethernet1
   channel-group 5 mode active
!
interface Ethernet9
   description CSR_Router_Test_Interface
   switchport access vlan 111
   spanning-tree portfast edge
!
interface Ethernet49
   description P2P_CA1-SPINE1_Ethernet3
   mtu 1500
   no switchport
   ip address 10.255.255.17/31
!
interface Ethernet50
   description P2P_CA1-SPINE2_Ethernet3
   mtu 1500
   no switchport
   ip address 10.255.255.19/31
!
interface Ethernet51
   description P2P_CORE_Ethernet3
   mtu 1500
   no switchport
   vrf VRF_TENANT
   ip address 10.0.0.9/31
!
interface Ethernet52
   description P2P_CA2-LEAF2A_Ethernet50
   mtu 1500
   no switchport
   ip address 10.1.1.0/31
!
interface Ethernet53/1
   description MLAG_CA1-LEAF2B_Ethernet53/1
   channel-group 531 mode active
!
interface Ethernet54/1
   description MLAG_CA1-LEAF2B_Ethernet54/1
   channel-group 531 mode active
!
interface Loopback0
   description ROUTER_ID
   ip address 10.1.254.7/32
!
interface Loopback1
   description VXLANSW_TUNNEL_SOURCE
   ip address 10.1.253.7/32
!
interface Loopback101
   description DIAG_VRF_VRF_TENANT
   vrf VRF_TENANT
   ip address 10.1.101.7/32
!
interface Management0
   description OOB_MANAGEMENT
   vrf MGMT
   ip address 192.168.223.103/24
!
interface Vlan110
   description Data
   vrf VRF_TENANT
   ip helper-address 10.0.0.1 source-interface Loopback101
   ip address virtual 10.1.10.1/24
!
interface Vlan111
   description Voice
   vrf VRF_TENANT
   ip helper-address 10.0.0.1 source-interface Loopback101
   ip address virtual 10.1.11.1/24
!
interface Vlan112
   description Guest
   vrf VRF_TENANT
   ip helper-address 10.0.0.1 source-interface Loopback101
   ip address virtual 10.1.12.1/24
!
interface Vlan3100
   description MLAG_L3_VRF_VRF_TENANT
   mtu 1500
   vrf VRF_TENANT
   ip address 169.254.2.8/31
!
interface Vlan4093
   description MLAG_L3
   mtu 1500
   ip address 169.254.2.8/31
!
interface Vlan4094
   description MLAG
   mtu 1500
   no autostate
   ip address 169.254.0.8/31
!
interface Vxlan1
   description CA1-LEAF2A_VTEP
   vxlan source-interface Loopback1
   vxlan virtual-router encapsulation mac-address mlag-system-id
   vxlan udp-port 4789
   vxlan vlan 110 vni 10110
   vxlan vlan 111 vni 10111
   vxlan vlan 112 vni 10112
   vxlan vrf VRF_TENANT vni 101
!
ip virtual-router mac-address 00:1c:73:00:00:99
ip address virtual source-nat vrf VRF_TENANT address 10.1.101.7
!
ip routing
no ip routing vrf MGMT
ip routing vrf VRF_TENANT
!
ip prefix-list PL-LOOPBACKS-EVPN-OVERLAY
   seq 10 permit 10.1.254.0/24 eq 32
   seq 20 permit 10.1.253.0/24 eq 32
!
ip prefix-list PL-MLAG-PEER-VRFS
   seq 10 permit 169.254.2.8/31
!
mlag configuration
   domain-id CA1_L3_LEAFS_IDF2
   local-interface Vlan4094
   peer-address 169.254.0.9
   peer-link Port-Channel531
   reload-delay mlag 300
   reload-delay non-mlag 330
!
ip route vrf MGMT 0.0.0.0/0 192.168.223.1
!
ntp server vrf MGMT time.google.com prefer iburst
!
route-map RM-CONN-2-BGP permit 10
   match ip address prefix-list PL-LOOPBACKS-EVPN-OVERLAY
!
route-map RM-CONN-2-BGP-VRFS deny 10
   match ip address prefix-list PL-MLAG-PEER-VRFS
!
route-map RM-CONN-2-BGP-VRFS permit 20
!
route-map RM-MLAG-PEER-IN permit 10
   description Make routes learned over MLAG Peer-link less preferred on spines to ensure optimal routing
   set origin incomplete
!
router bfd
   multihop interval 300 min-rx 300 multiplier 3
!
router bgp 65105
   router-id 10.1.254.7
   no bgp default ipv4-unicast
   distance bgp 20 200 200
   maximum-paths 4 ecmp 4
   neighbor EVPN-OVERLAY-CORE peer group
   neighbor EVPN-OVERLAY-CORE update-source Loopback0
   neighbor EVPN-OVERLAY-CORE bfd
   neighbor EVPN-OVERLAY-CORE ebgp-multihop 15
   neighbor EVPN-OVERLAY-CORE send-community
   neighbor EVPN-OVERLAY-CORE maximum-routes 12000
   neighbor EVPN-OVERLAY-PEERS peer group
   neighbor EVPN-OVERLAY-PEERS update-source Loopback0
   neighbor EVPN-OVERLAY-PEERS bfd
   neighbor EVPN-OVERLAY-PEERS ebgp-multihop 3
   neighbor EVPN-OVERLAY-PEERS password 7 Q4fqtbqcZ7oQuKfuWtNGRQ==
   neighbor EVPN-OVERLAY-PEERS send-community
   neighbor EVPN-OVERLAY-PEERS maximum-routes 0
   neighbor IPv4-UNDERLAY-PEERS peer group
   neighbor IPv4-UNDERLAY-PEERS password 7 7x4B4rnJhZB438m9+BrBfQ==
   neighbor IPv4-UNDERLAY-PEERS send-community
   neighbor IPv4-UNDERLAY-PEERS maximum-routes 12000
   neighbor MLAG-IPv4-UNDERLAY-PEER peer group
   neighbor MLAG-IPv4-UNDERLAY-PEER remote-as 65105
   neighbor MLAG-IPv4-UNDERLAY-PEER next-hop-self
   neighbor MLAG-IPv4-UNDERLAY-PEER description CA1-LEAF2B
   neighbor MLAG-IPv4-UNDERLAY-PEER route-map RM-MLAG-PEER-IN in
   neighbor MLAG-IPv4-UNDERLAY-PEER password 7 4b21pAdCvWeAqpcKDFMdWw==
   neighbor MLAG-IPv4-UNDERLAY-PEER send-community
   neighbor MLAG-IPv4-UNDERLAY-PEER maximum-routes 12000
   neighbor 10.1.1.1 peer group IPv4-UNDERLAY-PEERS
   neighbor 10.1.1.1 remote-as 65215
   neighbor 10.1.1.1 description CA2-LEAF2A_Ethernet50
   neighbor 10.1.255.1 peer group EVPN-OVERLAY-PEERS
   neighbor 10.1.255.1 remote-as 65100
   neighbor 10.1.255.1 description CA1-SPINE1_Loopback0
   neighbor 10.1.255.2 peer group EVPN-OVERLAY-PEERS
   neighbor 10.1.255.2 remote-as 65100
   neighbor 10.1.255.2 description CA1-SPINE2_Loopback0
   neighbor 10.2.254.17 peer group EVPN-OVERLAY-CORE
   neighbor 10.2.254.17 remote-as 65215
   neighbor 10.2.254.17 description CA2-LEAF2A
   neighbor 10.255.255.16 peer group IPv4-UNDERLAY-PEERS
   neighbor 10.255.255.16 remote-as 65100
   neighbor 10.255.255.16 description CA1-SPINE1_Ethernet3
   neighbor 10.255.255.18 peer group IPv4-UNDERLAY-PEERS
   neighbor 10.255.255.18 remote-as 65100
   neighbor 10.255.255.18 description CA1-SPINE2_Ethernet3
   neighbor 169.254.2.9 peer group MLAG-IPv4-UNDERLAY-PEER
   neighbor 169.254.2.9 description CA1-LEAF2B_Vlan4093
   redistribute connected route-map RM-CONN-2-BGP
   !
   vlan 110
      rd 10.1.254.7:10110
      route-target both 10110:10110
      redistribute learned
   !
   vlan 111
      rd 10.1.254.7:10111
      route-target both 10111:10111
      redistribute learned
   !
   vlan 112
      rd 10.1.254.7:10112
      route-target both 10112:10112
      redistribute learned
   !
   address-family evpn
      neighbor EVPN-OVERLAY-CORE activate
      neighbor EVPN-OVERLAY-PEERS activate
   !
   address-family ipv4
      no neighbor EVPN-OVERLAY-CORE activate
      no neighbor EVPN-OVERLAY-PEERS activate
      neighbor IPv4-UNDERLAY-PEERS activate
      neighbor MLAG-IPv4-UNDERLAY-PEER activate
   !
   vrf VRF_TENANT
      rd 10.1.254.7:101
      route-target import evpn 101:101
      route-target export evpn 101:101
      router-id 10.1.254.7
      neighbor 10.0.0.8 peer group IPv4-UNDERLAY-PEERS
      neighbor 10.0.0.8 remote-as 65000
      neighbor 10.0.0.8 description CORE_Ethernet3
      neighbor 169.254.2.9 peer group MLAG-IPv4-UNDERLAY-PEER
      neighbor 169.254.2.9 description CA1-LEAF2B_Vlan3100
      redistribute connected route-map RM-CONN-2-BGP-VRFS
!
router multicast
   ipv4
      software-forwarding kernel
   !
   ipv6
      software-forwarding kernel
!
dot1x system-auth-control
dot1x protocol lldp bypass
dot1x dynamic-authorization
!
end
