! Command: show running-config
! device: CA2-SPINE1 (cEOSLab, EOS-4.33.2F-40713977.4332F (engineering build))
!
no aaa root
!
username admin privilege 15 role network-admin nopassword
username ansible privilege 15 role network-admin secret sha512 $6$PSA4aPswd2HDdmSm$FqLt3zbElJ9b9tozHnWTarL3n2PJYHcTe82nnNVnNHS/YKYOpqVuQszgXkFcGnrfW0ox6fM/KkhTVKws4uYL4/
!
management api http-commands
   no shutdown
   !
   vrf MGMT
      no shutdown
   !
   vrf default
      no shutdown
!
alias cc clear counters
alias clrcounters clear counters
alias cp clear platform trident counters
alias ports show int sta | grep "connected\| disabled"
alias sa show active
alias senz show interface counter error | nz
alias shmc show int | awk '/^[A-Z]/ { intf = $1 } /, address is/ { print intf, $6 }'
alias showcon show interfaces status | grep connected
alias shrte show ip route
alias siib show ip interface brief
alias snz show interface counter | nz
alias spc show port-channel %1 detail all
alias spcd show port-channel dense
  
alias sqnz show interface counter queue | nz
alias srnz show interface counter rate | nz
alias term_logs sh agent TerminAttr logs | tail
alias wrtme write mem
!
daemon TerminAttr
   exec /usr/bin/TerminAttr -cvaddr=192.168.223.2:9910 -cvauth=token,/tmp/token -cvvrf=MGMT -disableaaa -smashexcludes=ale,flexCounter,hardware,kni,pulse,strata -taillogs
   no shutdown
!
vlan internal order ascending range 1006 1199
!
no service interface inactive port-id allocation disabled
!
transceiver qsfp default-mode 4x10G
!
service routing protocols model multi-agent
!
logging monitor debugging
!
hostname CA2-SPINE1
ip name-server vrf MGMT 1.1.1.1
ip name-server vrf MGMT 8.8.8.8
!
sflow sample 1000
sflow polling-interval 20
sflow destination 127.0.0.1
sflow source-interface Loopback0
sflow run
!
spanning-tree mode none
!
system l1
   unsupported speed action error
   unsupported error-correction action error
!
vrf instance MGMT
!
aaa authorization exec default local
!
interface Ethernet1
   description P2P_CA2-LEAF1A_Ethernet49
   mtu 1500
   no switchport
   ip address 10.254.254.24/31
!
interface Ethernet2
   description P2P_CA2-LEAF2A_Ethernet49
   mtu 1500
   no switchport
   ip address 10.254.254.28/31
!
interface Ethernet5
!
interface Loopback0
   description ROUTER_ID
   ip address 10.2.255.11/32
!
interface Management0
   description OOB_MANAGEMENT
   vrf MGMT
   ip address 192.168.223.21/24
!
ip routing
no ip routing vrf MGMT
!
ip prefix-list PL-LOOPBACKS-EVPN-OVERLAY
   seq 10 permit 10.2.255.0/24 eq 32
!
ip route vrf MGMT 0.0.0.0/0 192.168.223.1
!
ntp server vrf MGMT time.google.com prefer iburst
!
route-map RM-CONN-2-BGP permit 10
   match ip address prefix-list PL-LOOPBACKS-EVPN-OVERLAY
!
router bfd
   multihop interval 300 min-rx 300 multiplier 3
!
router bgp 65200
   router-id 10.2.255.11
   no bgp default ipv4-unicast
   distance bgp 20 200 200
   maximum-paths 4 ecmp 4
   neighbor EVPN-OVERLAY-PEERS peer group
   neighbor EVPN-OVERLAY-PEERS next-hop-unchanged
   neighbor EVPN-OVERLAY-PEERS update-source Loopback0
   neighbor EVPN-OVERLAY-PEERS bfd
   neighbor EVPN-OVERLAY-PEERS ebgp-multihop 3
   neighbor EVPN-OVERLAY-PEERS password 7 Q4fqtbqcZ7oQuKfuWtNGRQ==
   neighbor EVPN-OVERLAY-PEERS send-community
   neighbor EVPN-OVERLAY-PEERS maximum-routes 0
   neighbor IPv4-UNDERLAY-PEERS peer group
   neighbor IPv4-UNDERLAY-PEERS password 7 7x4B4rnJhZB438m9+BrBfQ==
   neighbor IPv4-UNDERLAY-PEERS send-community
   neighbor IPv4-UNDERLAY-PEERS maximum-routes 12000
   neighbor 10.2.254.15 peer group EVPN-OVERLAY-PEERS
   neighbor 10.2.254.15 remote-as 65213
   neighbor 10.2.254.15 description CA2-LEAF1A_Loopback0
   neighbor 10.2.254.17 peer group EVPN-OVERLAY-PEERS
   neighbor 10.2.254.17 remote-as 65215
   neighbor 10.2.254.17 description CA2-LEAF2A_Loopback0
   neighbor 10.254.254.25 peer group IPv4-UNDERLAY-PEERS
   neighbor 10.254.254.25 remote-as 65213
   neighbor 10.254.254.25 description CA2-LEAF1A_Ethernet49
   neighbor 10.254.254.29 peer group IPv4-UNDERLAY-PEERS
   neighbor 10.254.254.29 remote-as 65215
   neighbor 10.254.254.29 description CA2-LEAF2A_Ethernet49
   redistribute connected route-map RM-CONN-2-BGP
   !
   address-family evpn
      neighbor EVPN-OVERLAY-PEERS activate
   !
   address-family ipv4
      no neighbor EVPN-OVERLAY-PEERS activate
      neighbor IPv4-UNDERLAY-PEERS activate
!
router multicast
   ipv4
      software-forwarding kernel
   !
   ipv6
      software-forwarding kernel
!
end
