! Command: show running-config
! device: CORE (cEOSLab, EOS-4.33.2F-40713977.4332F (engineering build))
!
no aaa root
!
username admin privilege 15 role network-admin nopassword
username ansible privilege 15 role network-admin secret sha512 $6$PSA4aPswd2HDdmSm$FqLt3zbElJ9b9tozHnWTarL3n2PJYHcTe82nnNVnNHS/YKYOpqVuQszgXkFcGnrfW0ox6fM/KkhTVKws4uYL4/
!
management api http-commands
   no shutdown
   !
   vrf MGMT
      no shutdown
   !
   vrf default
      no shutdown
!
alias cc clear counters
alias clrcounters clear counters
alias cp clear platform trident counters
alias ports show int sta | grep "connected\| disabled"
alias sa show active
alias senz show interface counter error | nz
alias shmc show int | awk '/^[A-Z]/ { intf = $1 } /, address is/ { print intf, $6 }'
alias showcon show interfaces status | grep connected
alias shrte show ip route
alias siib show ip interface brief
alias snz show interface counter | nz
alias spc show port-channel %1 detail all
alias spcd show port-channel dense
  
alias sqnz show interface counter queue | nz
alias srnz show interface counter rate | nz
alias term_logs sh agent TerminAttr logs | tail
alias wrtme write mem
!
daemon TerminAttr
   exec /usr/bin/TerminAttr -cvaddr=192.168.223.2:9910 -cvauth=token,/tmp/token -cvvrf=MGMT -disableaaa -smashexcludes=ale,flexCounter,hardware,kni,pulse,strata -taillogs
   no shutdown
!
ip dhcp relay information option
!
vlan internal order ascending range 1006 1199
!
no service interface inactive port-id allocation disabled
!
transceiver qsfp default-mode 4x10G
!
service routing protocols model multi-agent
!
logging monitor debugging
!
hostname CORE
ip name-server vrf MGMT 1.1.1.1
ip name-server vrf MGMT 8.8.8.8
!
sflow sample 1000
sflow polling-interval 20
sflow destination 127.0.0.1
sflow source-interface Loopback0
sflow run
!
spanning-tree mode mstp
!
system l1
   unsupported speed action error
   unsupported error-correction action error
!
vrf instance MGMT
!
aaa authorization exec default local
!
interface Port-Channel491
   description VXLANSW_Po531
   no switchport
   ip address 10.0.0.0/31
!
interface Ethernet1
   shutdown
!
interface Ethernet2
   shutdown
!
interface Ethernet3
   description P2P_CA1-LEAF2A_Ethernet51
   mtu 1500
   no switchport
   ip address 10.0.0.8/31
!
interface Ethernet4
   description P2P_CA1-LEAF2B_Ethernet51
   mtu 1500
   no switchport
   ip address 10.0.0.10/31
!
interface Ethernet5
   description P2P_CA2-LEAF2A_Ethernet51
   mtu 1500
   no switchport
   ip address 10.0.0.12/31
!
interface Ethernet6
   shutdown
!
interface Ethernet49/1
   description VXLANSW_Ethernet53/1
   channel-group 491 mode active
!
interface Ethernet50/1
   description VXLANSW_Ethernet54/1
   channel-group 491 mode active
!
interface Loopback0
   description Loopback_Customer_Testing
   ip address 10.3.1.1/32
   ip address 10.3.1.2/32 secondary
   ip address 10.3.1.3/32 secondary
!
interface Management0
   description OOB_MANAGEMENT
   vrf MGMT
   ip address 192.168.223.245/24
!
ip routing
no ip routing vrf MGMT
!
ip route vrf MGMT 0.0.0.0/0 192.168.223.1
!
ntp server vrf MGMT time.google.com prefer iburst
!
router bgp 65000
   router-id 10.3.1.1
   no bgp default ipv4-unicast
   distance bgp 20 200 200
   maximum-paths 4 ecmp 4
   neighbor IPv4-UNDERLAY-PEERS peer group
   neighbor IPv4-UNDERLAY-PEERS password 7 7x4B4rnJhZB438m9+BrBfQ==
   neighbor IPv4-UNDERLAY-PEERS send-community
   neighbor IPv4-UNDERLAY-PEERS maximum-routes 12000
   neighbor 10.0.0.1 peer group IPv4-UNDERLAY-PEERS
   neighbor 10.0.0.1 remote-as 65000
   neighbor 10.0.0.1 description VXLANSW_Po531
   neighbor 10.0.0.9 peer group IPv4-UNDERLAY-PEERS
   neighbor 10.0.0.9 remote-as 65105
   neighbor 10.0.0.9 description CA1-LEAF2A_Ethernet51
   neighbor 10.0.0.11 peer group IPv4-UNDERLAY-PEERS
   neighbor 10.0.0.11 remote-as 65105
   neighbor 10.0.0.11 description CA1-LEAF2B_Ethernet51
   neighbor 10.0.0.13 peer group IPv4-UNDERLAY-PEERS
   neighbor 10.0.0.13 remote-as 65215
   neighbor 10.0.0.13 description CA2-LEAF2A_Ethernet51
   redistribute connected
   !
   address-family ipv4
      neighbor IPv4-UNDERLAY-PEERS activate
!
router multicast
   ipv4
      software-forwarding kernel
   !
   ipv6
      software-forwarding kernel
!
end
